android/app/build/intermediates/manifest_merge_blame_file/release/manifest-merger-blame-release-report.txt
1<?xml version="1.0" encoding="utf-8"?>
2<manifest xmlns:android="http://schemas.android.com/apk/res/android"
3    package="com.lekhajokha.android"
4    android:versionCode="1"
5    android:versionName="1.0.0" >
6
7    <uses-sdk
8        android:minSdkVersion="21"
8-->src/main/AndroidManifest.xml
9        android:targetSdkVersion="29" />
9-->src/main/AndroidManifest.xml
10
11    <uses-permission android:name="android.permission.INTERNET" />
11-->src/main/AndroidManifest.xml:4:3-64
11-->src/main/AndroidManifest.xml:4:20-62
12    <uses-permission android:name="android.permission.SYSTEM_ALERT_WINDOW" />
12-->src/main/AndroidManifest.xml:5:3-75
12-->src/main/AndroidManifest.xml:5:20-73
13    <uses-permission android:name="android.permission.MANAGE_DOCUMENTS" />
13-->src/main/AndroidManifest.xml:6:3-72
13-->src/main/AndroidManifest.xml:6:20-70
14    <uses-permission android:name="android.permission.READ_INTERNAL_STORAGE" />
14-->src/main/AndroidManifest.xml:7:3-77
14-->src/main/AndroidManifest.xml:7:20-75
15    <uses-permission android:name="android.permission.READ_PHONE_STATE" />
15-->src/main/AndroidManifest.xml:8:3-72
15-->src/main/AndroidManifest.xml:8:20-70
16    <uses-permission android:name="android.permission.VIBRATE" />
16-->src/main/AndroidManifest.xml:9:3-63
16-->src/main/AndroidManifest.xml:9:20-61
17    <uses-permission android:name="android.permission.MODIFY_AUDIO_SETTINGS" />
17-->src/main/AndroidManifest.xml:10:3-77
17-->src/main/AndroidManifest.xml:10:20-75
18    <uses-permission android:name="android.permission.ACCESS_COARSE_LOCATION" />
18-->src/main/AndroidManifest.xml:11:3-78
18-->src/main/AndroidManifest.xml:11:20-76
19    <uses-permission android:name="android.permission.ACCESS_FINE_LOCATION" />
19-->src/main/AndroidManifest.xml:12:3-76
19-->src/main/AndroidManifest.xml:12:20-74
20    <uses-permission android:name="android.permission.READ_CONTACTS" />
20-->src/main/AndroidManifest.xml:13:3-69
20-->src/main/AndroidManifest.xml:13:20-67
21    <uses-permission android:name="android.permission.CAMERA" />
21-->src/main/AndroidManifest.xml:14:3-62
21-->src/main/AndroidManifest.xml:14:20-60
22    <uses-permission android:name="android.permission.WRITE_CALENDAR" />
22-->src/main/AndroidManifest.xml:15:3-70
22-->src/main/AndroidManifest.xml:15:20-68
23    <uses-permission android:name="android.permission.READ_CALENDAR" />
23-->src/main/AndroidManifest.xml:16:3-69
23-->src/main/AndroidManifest.xml:16:20-67
24    <uses-permission android:name="android.permission.READ_EXTERNAL_STORAGE" />
24-->src/main/AndroidManifest.xml:17:3-77
24-->src/main/AndroidManifest.xml:17:20-75
25    <uses-permission android:name="android.permission.RECORD_AUDIO" />
25-->src/main/AndroidManifest.xml:18:3-68
25-->src/main/AndroidManifest.xml:18:20-66
26    <uses-permission android:name="android.permission.WRITE_EXTERNAL_STORAGE" />
26-->src/main/AndroidManifest.xml:19:3-78
26-->src/main/AndroidManifest.xml:19:20-76
27    <uses-permission android:name="android.permission.WRITE_SETTINGS" />
27-->src/main/AndroidManifest.xml:20:3-70
27-->src/main/AndroidManifest.xml:20:20-68
28    <uses-permission android:name="android.permission.ACCESS_NETWORK_STATE" />
28-->src/main/AndroidManifest.xml:21:3-76
28-->src/main/AndroidManifest.xml:21:20-74
29    <uses-permission android:name="android.permission.WAKE_LOCK" />
29-->src/main/AndroidManifest.xml:22:3-65
29-->src/main/AndroidManifest.xml:22:20-63
30    <uses-permission android:name="com.google.android.c2dm.permission.RECEIVE" />
30-->src/main/AndroidManifest.xml:23:3-79
30-->src/main/AndroidManifest.xml:23:20-77
31    <uses-permission android:name="android.permission.FOREGROUND_SERVICE" />
31-->[:expo-location] AndroidManifest.xml:13:5-77
31-->[:expo-location] AndroidManifest.xml:13:22-74
32    <uses-permission android:name="com.google.android.finsky.permission.BIND_GET_INSTALL_REFERRER_SERVICE" />
32-->[com.android.installreferrer:installreferrer:1.0] AndroidManifest.xml:9:5-110
32-->[com.android.installreferrer:installreferrer:1.0] AndroidManifest.xml:9:22-107
33    <uses-permission android:name="com.google.android.providers.gsf.permission.READ_GSERVICES" />
33-->[io.nlopez.smartlocation:library:3.2.11] AndroidManifest.xml:15:5-98
33-->[io.nlopez.smartlocation:library:3.2.11] AndroidManifest.xml:15:22-95
34    <uses-permission android:name="com.google.android.gms.permission.ACTIVITY_RECOGNITION" />
34-->[io.nlopez.smartlocation:library:3.2.11] AndroidManifest.xml:16:5-94
34-->[io.nlopez.smartlocation:library:3.2.11] AndroidManifest.xml:16:22-91
35
36    <application
36-->src/main/AndroidManifest.xml:25:3-65:17
37        android:name="com.lekhajokha.android.MainApplication"
37-->src/main/AndroidManifest.xml:25:16-47
38        android:allowBackup="false"
38-->src/main/AndroidManifest.xml:28:5-32
39        android:appComponentFactory="androidx.core.app.CoreComponentFactory"
39-->[androidx.core:core:1.3.1] AndroidManifest.xml:24:18-86
40        android:icon="@mipmap/logopng"
40-->src/main/AndroidManifest.xml:26:5-35
41        android:label="@string/app_name"
41-->src/main/AndroidManifest.xml:25:48-80
42        android:requestLegacyExternalStorage="true"
42-->src/main/AndroidManifest.xml:31:7-50
43        android:roundIcon="@mipmap/logopng"
43-->src/main/AndroidManifest.xml:27:5-40
44        android:theme="@style/AppTheme" >
44-->src/main/AndroidManifest.xml:29:5-36
45        <meta-data
45-->src/main/AndroidManifest.xml:34:5-35:42
46            android:name="expo.modules.updates.EXPO_UPDATE_URL"
46-->src/main/AndroidManifest.xml:34:16-67
47            android:value="YOUR-APP-URL-HERE" />
47-->src/main/AndroidManifest.xml:35:7-40
48        <meta-data
48-->src/main/AndroidManifest.xml:36:5-37:50
49            android:name="expo.modules.updates.EXPO_SDK_VERSION"
49-->src/main/AndroidManifest.xml:36:16-68
50            android:value="YOUR-APP-SDK-VERSION-HERE" />
50-->src/main/AndroidManifest.xml:37:7-48
51
52        <activity
52-->src/main/AndroidManifest.xml:38:5-47:16
53            android:name="com.lekhajokha.android.MainActivity"
53-->src/main/AndroidManifest.xml:38:15-43
54            android:configChanges="keyboard|keyboardHidden|orientation|screenSize"
54-->src/main/AndroidManifest.xml:39:7-77
55            android:exported="true"
55-->src/main/AndroidManifest.xml:44:15-38
56            android:label="@string/app_name"
56-->src/main/AndroidManifest.xml:38:44-76
57            android:launchMode="singleTask"
57-->src/main/AndroidManifest.xml:40:7-38
58            android:screenOrientation="portrait"
58-->src/main/AndroidManifest.xml:43:7-43
59            android:theme="@style/Theme.App.SplashScreen"
59-->src/main/AndroidManifest.xml:42:7-52
60            android:windowSoftInputMode="adjustResize" >
60-->src/main/AndroidManifest.xml:41:7-49
61        </activity>
62        <activity android:name="com.facebook.react.devsupport.DevSettingsActivity" />
62-->src/main/AndroidManifest.xml:48:5-81
62-->src/main/AndroidManifest.xml:48:15-79
63        <activity
63-->src/main/AndroidManifest.xml:50:5-58:16
64            android:name="com.lekhajokha.android.SplashActivity"
64-->src/main/AndroidManifest.xml:51:9-39
65            android:label="@string/app_name"
65-->src/main/AndroidManifest.xml:53:9-41
66            android:theme="@style/Theme.App.SplashScreen" >
66-->src/main/AndroidManifest.xml:52:9-54
67            <intent-filter>
67-->src/main/AndroidManifest.xml:54:7-57:23
68                <action android:name="android.intent.action.MAIN" />
68-->src/main/AndroidManifest.xml:55:9-61
68-->src/main/AndroidManifest.xml:55:17-58
69
70                <category android:name="android.intent.category.LAUNCHER" />
70-->src/main/AndroidManifest.xml:56:9-69
70-->src/main/AndroidManifest.xml:56:19-66
71            </intent-filter>
72        </activity>
73        <activity
73-->src/main/AndroidManifest.xml:60:5-63:16
74            android:name="com.theartofdev.edmodo.cropper.CropImageActivity"
74-->src/main/AndroidManifest.xml:61:13-76
75            android:theme="@style/Base.Theme.AppCompat" >
75-->src/main/AndroidManifest.xml:62:13-56
76        </activity>
77
78        <meta-data
78-->[:unimodules-react-native-adapter] AndroidManifest.xml:12:9-14:91
79            android:name="org.unimodules.core.AppLoader#react-native-headless"
79-->[:unimodules-react-native-adapter] AndroidManifest.xml:13:13-79
80            android:value="org.unimodules.adapters.react.apploader.RNHeadlessAppLoader" />
80-->[:unimodules-react-native-adapter] AndroidManifest.xml:14:13-88
81
82        <provider
82-->[:react-native-webview] AndroidManifest.xml:12:9-20:20
83            android:name="com.reactnativecommunity.webview.RNCWebViewFileProvider"
83-->[:react-native-webview] AndroidManifest.xml:13:13-83
84            android:authorities="com.lekhajokha.android.fileprovider"
84-->[:react-native-webview] AndroidManifest.xml:14:13-64
85            android:exported="false"
85-->[:react-native-webview] AndroidManifest.xml:15:13-37
86            android:grantUriPermissions="true" >
86-->[:react-native-webview] AndroidManifest.xml:16:13-47
87            <meta-data
87-->[:react-native-webview] AndroidManifest.xml:17:13-19:63
88                android:name="android.support.FILE_PROVIDER_PATHS"
88-->[:react-native-webview] AndroidManifest.xml:18:17-67
89                android:resource="@xml/file_provider_paths" />
89-->[:react-native-webview] AndroidManifest.xml:19:17-60
90        </provider>
91
92        <service android:name="io.invertase.firebase.messaging.ReactNativeFirebaseMessagingHeadlessService" />
92-->[:@react-native-firebase_messaging] AndroidManifest.xml:16:9-111
92-->[:@react-native-firebase_messaging] AndroidManifest.xml:16:18-108
93        <service
93-->[:@react-native-firebase_messaging] AndroidManifest.xml:17:9-23:19
94            android:name="io.invertase.firebase.messaging.ReactNativeFirebaseMessagingService"
94-->[:@react-native-firebase_messaging] AndroidManifest.xml:18:13-95
95            android:exported="false" >
95-->[:@react-native-firebase_messaging] AndroidManifest.xml:19:13-37
96            <intent-filter>
96-->[:@react-native-firebase_messaging] AndroidManifest.xml:20:13-22:29
97                <action android:name="com.google.firebase.MESSAGING_EVENT" />
97-->[:@react-native-firebase_messaging] AndroidManifest.xml:21:17-78
97-->[:@react-native-firebase_messaging] AndroidManifest.xml:21:25-75
98            </intent-filter>
99        </service>
100
101        <receiver
101-->[:@react-native-firebase_messaging] AndroidManifest.xml:25:9-32:20
102            android:name="io.invertase.firebase.messaging.ReactNativeFirebaseMessagingReceiver"
102-->[:@react-native-firebase_messaging] AndroidManifest.xml:26:13-96
103            android:exported="true"
103-->[:@react-native-firebase_messaging] AndroidManifest.xml:27:13-36
104            android:permission="com.google.android.c2dm.permission.SEND" >
104-->[:@react-native-firebase_messaging] AndroidManifest.xml:28:13-73
105            <intent-filter>
105-->[:@react-native-firebase_messaging] AndroidManifest.xml:29:13-31:29
106                <action android:name="com.google.android.c2dm.intent.RECEIVE" />
106-->[:@react-native-firebase_messaging] AndroidManifest.xml:30:17-81
106-->[:@react-native-firebase_messaging] AndroidManifest.xml:30:25-78
107            </intent-filter>
108        </receiver>
109
110        <meta-data
110-->[:@react-native-firebase_messaging] AndroidManifest.xml:34:9-36:36
111            android:name="firebase_messaging_auto_init_enabled"
111-->[:@react-native-firebase_messaging] AndroidManifest.xml:35:13-64
112            android:value="true" />
112-->[:@react-native-firebase_messaging] AndroidManifest.xml:36:13-33
113        <meta-data
113-->[:@react-native-firebase_messaging] AndroidManifest.xml:37:9-39:32
114            android:name="com.google.firebase.messaging.default_notification_channel_id"
114-->[:@react-native-firebase_messaging] AndroidManifest.xml:38:13-89
115            android:value="" />
115-->[:@react-native-firebase_messaging] AndroidManifest.xml:39:13-29
116        <meta-data
116-->[:@react-native-firebase_messaging] AndroidManifest.xml:40:9-42:47
117            android:name="com.google.firebase.messaging.default_notification_color"
117-->[:@react-native-firebase_messaging] AndroidManifest.xml:41:13-84
118            android:resource="@color/white" />
118-->[:@react-native-firebase_messaging] AndroidManifest.xml:42:13-44
119
120        <provider
120-->[:react-native-image-picker] AndroidManifest.xml:12:9-20:20
121            android:name="com.imagepicker.ImagePickerProvider"
121-->[:react-native-image-picker] AndroidManifest.xml:13:13-63
122            android:authorities="com.lekhajokha.android.imagepickerprovider"
122-->[:react-native-image-picker] AndroidManifest.xml:14:13-71
123            android:exported="false"
123-->[:react-native-image-picker] AndroidManifest.xml:15:13-37
124            android:grantUriPermissions="true" >
124-->[:react-native-image-picker] AndroidManifest.xml:16:13-47
125            <meta-data
125-->[:react-native-webview] AndroidManifest.xml:17:13-19:63
126                android:name="android.support.FILE_PROVIDER_PATHS"
126-->[:react-native-webview] AndroidManifest.xml:18:17-67
127                android:resource="@xml/imagepicker_provider_paths" />
127-->[:react-native-webview] AndroidManifest.xml:19:17-60
128        </provider>
129        <provider
129-->[:expo-file-system] AndroidManifest.xml:17:9-26:20
130            android:name="expo.modules.filesystem.FileSystemFileProvider"
130-->[:expo-file-system] AndroidManifest.xml:18:13-74
131            android:authorities="com.lekhajokha.android.FileSystemFileProvider"
131-->[:expo-file-system] AndroidManifest.xml:19:13-74
132            android:exported="false"
132-->[:expo-file-system] AndroidManifest.xml:20:13-37
133            android:grantUriPermissions="true" >
133-->[:expo-file-system] AndroidManifest.xml:21:13-47
134            <meta-data
134-->[:react-native-webview] AndroidManifest.xml:17:13-19:63
135                android:name="android.support.FILE_PROVIDER_PATHS"
135-->[:react-native-webview] AndroidManifest.xml:18:17-67
136                android:resource="@xml/file_system_provider_paths" />
136-->[:react-native-webview] AndroidManifest.xml:19:17-60
137        </provider> <!-- https://developer.android.com/guide/topics/manifest/provider-element.html -->
138        <provider
138-->[:expo-image-picker] AndroidManifest.xml:20:9-28:20
139            android:name="expo.modules.imagepicker.ImagePickerFileProvider"
139-->[:expo-image-picker] AndroidManifest.xml:21:13-76
140            android:authorities="com.lekhajokha.android.ImagePickerFileProvider"
140-->[:expo-image-picker] AndroidManifest.xml:22:13-75
141            android:exported="false"
141-->[:expo-image-picker] AndroidManifest.xml:23:13-37
142            android:grantUriPermissions="true" >
142-->[:expo-image-picker] AndroidManifest.xml:24:13-47
143            <meta-data
143-->[:react-native-webview] AndroidManifest.xml:17:13-19:63
144                android:name="android.support.FILE_PROVIDER_PATHS"
144-->[:react-native-webview] AndroidManifest.xml:18:17-67
145                android:resource="@xml/image_picker_provider_paths" />
145-->[:react-native-webview] AndroidManifest.xml:19:17-60
146        </provider>
147
148        <service
148-->[:expo-location] AndroidManifest.xml:16:9-18:40
149            android:name="expo.modules.location.services.LocationTaskService"
149-->[:expo-location] AndroidManifest.xml:17:13-78
150            android:exported="false" />
150-->[:expo-location] AndroidManifest.xml:18:13-37
151
152        <provider
152-->[:expo-sharing] AndroidManifest.xml:12:9-20:20
153            android:name="expo.modules.sharing.SharingFileProvider"
153-->[:expo-sharing] AndroidManifest.xml:13:13-68
154            android:authorities="com.lekhajokha.android.SharingFileProvider"
154-->[:expo-sharing] AndroidManifest.xml:14:13-71
155            android:exported="false"
155-->[:expo-sharing] AndroidManifest.xml:15:13-37
156            android:grantUriPermissions="true" >
156-->[:expo-sharing] AndroidManifest.xml:16:13-47
157            <meta-data
157-->[:react-native-webview] AndroidManifest.xml:17:13-19:63
158                android:name="android.support.FILE_PROVIDER_PATHS"
158-->[:react-native-webview] AndroidManifest.xml:18:17-67
159                android:resource="@xml/sharing_provider_paths" />
159-->[:react-native-webview] AndroidManifest.xml:19:17-60
160        </provider>
161        <!--
162             FirebaseMessagingService performs security checks at runtime,
163             but set to not exported to explicitly avoid allowing another app to call it.
164        -->
165        <service
165-->[com.google.firebase:firebase-messaging:21.0.1] AndroidManifest.xml:28:9-35:19
166            android:name="com.google.firebase.messaging.FirebaseMessagingService"
166-->[com.google.firebase:firebase-messaging:21.0.1] AndroidManifest.xml:29:13-82
167            android:directBootAware="true"
167-->[com.google.firebase:firebase-messaging:21.0.1] AndroidManifest.xml:30:13-43
168            android:exported="false" >
168-->[com.google.firebase:firebase-messaging:21.0.1] AndroidManifest.xml:31:13-37
169            <intent-filter android:priority="-500" >
169-->[:@react-native-firebase_messaging] AndroidManifest.xml:20:13-22:29
170                <action android:name="com.google.firebase.MESSAGING_EVENT" />
170-->[:@react-native-firebase_messaging] AndroidManifest.xml:21:17-78
170-->[:@react-native-firebase_messaging] AndroidManifest.xml:21:25-75
171            </intent-filter>
172        </service>
173        <service
173-->[com.google.firebase:firebase-messaging:21.0.1] AndroidManifest.xml:36:9-42:19
174            android:name="com.google.firebase.components.ComponentDiscoveryService"
174-->[com.google.firebase:firebase-messaging:21.0.1] AndroidManifest.xml:37:13-84
175            android:directBootAware="true"
175-->[com.google.firebase:firebase-common:19.5.0] AndroidManifest.xml:35:13-43
176            android:exported="false" >
176-->[com.google.firebase:firebase-messaging:21.0.1] AndroidManifest.xml:38:13-37
177            <meta-data
177-->[com.google.firebase:firebase-messaging:21.0.1] AndroidManifest.xml:39:13-41:85
178                android:name="com.google.firebase.components:com.google.firebase.messaging.FirebaseMessagingRegistrar"
178-->[com.google.firebase:firebase-messaging:21.0.1] AndroidManifest.xml:40:17-119
179                android:value="com.google.firebase.components.ComponentRegistrar" />
179-->[com.google.firebase:firebase-messaging:21.0.1] AndroidManifest.xml:41:17-82
180            <meta-data
180-->[com.google.firebase:firebase-datatransport:17.0.10] AndroidManifest.xml:28:13-30:85
181                android:name="com.google.firebase.components:com.google.firebase.datatransport.TransportRegistrar"
181-->[com.google.firebase:firebase-datatransport:17.0.10] AndroidManifest.xml:29:17-115
182                android:value="com.google.firebase.components.ComponentRegistrar" />
182-->[com.google.firebase:firebase-datatransport:17.0.10] AndroidManifest.xml:30:17-82
183            <meta-data
183-->[com.google.firebase:firebase-auth:20.0.2] AndroidManifest.xml:77:13-79:85
184                android:name="com.google.firebase.components:com.google.firebase.auth.FirebaseAuthRegistrar"
184-->[com.google.firebase:firebase-auth:20.0.2] AndroidManifest.xml:78:17-109
185                android:value="com.google.firebase.components.ComponentRegistrar" />
185-->[com.google.firebase:firebase-auth:20.0.2] AndroidManifest.xml:79:17-82
186            <meta-data
186-->[com.google.firebase:firebase-iid:21.0.1] AndroidManifest.xml:32:13-34:85
187                android:name="com.google.firebase.components:com.google.firebase.iid.Registrar"
187-->[com.google.firebase:firebase-iid:21.0.1] AndroidManifest.xml:33:17-96
188                android:value="com.google.firebase.components.ComponentRegistrar" />
188-->[com.google.firebase:firebase-iid:21.0.1] AndroidManifest.xml:34:17-82
189            <meta-data
189-->[com.google.firebase:firebase-installations:16.3.5] AndroidManifest.xml:18:13-20:85
190                android:name="com.google.firebase.components:com.google.firebase.installations.FirebaseInstallationsRegistrar"
190-->[com.google.firebase:firebase-installations:16.3.5] AndroidManifest.xml:19:17-127
191                android:value="com.google.firebase.components.ComponentRegistrar" />
191-->[com.google.firebase:firebase-installations:16.3.5] AndroidManifest.xml:20:17-82
192            <!--
193                This registrar is not defined in the dynamic-module-support sdk itself to allow non-firebase
194                clients to use it as well, by defining this registrar in their own core/common library.
195            -->
196            <meta-data
196-->[com.google.firebase:firebase-common:19.5.0] AndroidManifest.xml:43:13-45:85
197                android:name="com.google.firebase.components:com.google.firebase.dynamicloading.DynamicLoadingRegistrar"
197-->[com.google.firebase:firebase-common:19.5.0] AndroidManifest.xml:44:17-121
198                android:value="com.google.firebase.components.ComponentRegistrar" />
198-->[com.google.firebase:firebase-common:19.5.0] AndroidManifest.xml:45:17-82
199        </service>
200        <service
200-->[com.google.android.datatransport:transport-backend-cct:2.3.3] AndroidManifest.xml:29:9-35:19
201            android:name="com.google.android.datatransport.runtime.backends.TransportBackendDiscovery"
201-->[com.google.android.datatransport:transport-backend-cct:2.3.3] AndroidManifest.xml:30:13-103
202            android:exported="false" >
202-->[com.google.android.datatransport:transport-backend-cct:2.3.3] AndroidManifest.xml:31:13-37
203            <meta-data
203-->[com.google.android.datatransport:transport-backend-cct:2.3.3] AndroidManifest.xml:32:13-34:39
204                android:name="backend:com.google.android.datatransport.cct.CctBackendFactory"
204-->[com.google.android.datatransport:transport-backend-cct:2.3.3] AndroidManifest.xml:33:17-94
205                android:value="cct" />
205-->[com.google.android.datatransport:transport-backend-cct:2.3.3] AndroidManifest.xml:34:17-36
206        </service>
207        <service
207-->[com.google.android.datatransport:transport-runtime:2.2.5] AndroidManifest.xml:26:9-30:19
208            android:name="com.google.android.datatransport.runtime.scheduling.jobscheduling.JobInfoSchedulerService"
208-->[com.google.android.datatransport:transport-runtime:2.2.5] AndroidManifest.xml:27:13-117
209            android:exported="false"
209-->[com.google.android.datatransport:transport-runtime:2.2.5] AndroidManifest.xml:28:13-37
210            android:permission="android.permission.BIND_JOB_SERVICE" >
210-->[com.google.android.datatransport:transport-runtime:2.2.5] AndroidManifest.xml:29:13-69
211        </service>
212
213        <receiver
213-->[com.google.android.datatransport:transport-runtime:2.2.5] AndroidManifest.xml:32:9-34:40
214            android:name="com.google.android.datatransport.runtime.scheduling.jobscheduling.AlarmManagerSchedulerBroadcastReceiver"
214-->[com.google.android.datatransport:transport-runtime:2.2.5] AndroidManifest.xml:33:13-132
215            android:exported="false" />
215-->[com.google.android.datatransport:transport-runtime:2.2.5] AndroidManifest.xml:34:13-37
216
217        <service
217-->[androidx.room:room-runtime:2.1.0] AndroidManifest.xml:25:9-27:40
218            android:name="androidx.room.MultiInstanceInvalidationService"
218-->[androidx.room:room-runtime:2.1.0] AndroidManifest.xml:26:13-74
219            android:exported="false" />
219-->[androidx.room:room-runtime:2.1.0] AndroidManifest.xml:27:13-37
220
221        <activity
221-->[com.google.android.gms:play-services-auth:19.0.0] AndroidManifest.xml:23:9-27:75
222            android:name="com.google.android.gms.auth.api.signin.internal.SignInHubActivity"
222-->[com.google.android.gms:play-services-auth:19.0.0] AndroidManifest.xml:24:13-93
223            android:excludeFromRecents="true"
223-->[com.google.android.gms:play-services-auth:19.0.0] AndroidManifest.xml:25:13-46
224            android:exported="false"
224-->[com.google.android.gms:play-services-auth:19.0.0] AndroidManifest.xml:26:13-37
225            android:theme="@android:style/Theme.Translucent.NoTitleBar" />
225-->[com.google.android.gms:play-services-auth:19.0.0] AndroidManifest.xml:27:13-72
226        <!--
227            Service handling Google Sign-In user revocation. For apps that do not integrate with
228            Google Sign-In, this service will never be started.
229        -->
230        <service
230-->[com.google.android.gms:play-services-auth:19.0.0] AndroidManifest.xml:33:9-37:51
231            android:name="com.google.android.gms.auth.api.signin.RevocationBoundService"
231-->[com.google.android.gms:play-services-auth:19.0.0] AndroidManifest.xml:34:13-89
232            android:exported="true"
232-->[com.google.android.gms:play-services-auth:19.0.0] AndroidManifest.xml:35:13-36
233            android:permission="com.google.android.gms.auth.api.signin.permission.REVOCATION_NOTIFICATION"
233-->[com.google.android.gms:play-services-auth:19.0.0] AndroidManifest.xml:36:13-107
234            android:visibleToInstantApps="true" />
234-->[com.google.android.gms:play-services-auth:19.0.0] AndroidManifest.xml:37:13-48
235
236        <activity
236-->[com.google.firebase:firebase-auth:20.0.2] AndroidManifest.xml:27:9-44:20
237            android:name="com.google.firebase.auth.internal.GenericIdpActivity"
237-->[com.google.firebase:firebase-auth:20.0.2] AndroidManifest.xml:28:13-80
238            android:excludeFromRecents="true"
238-->[com.google.firebase:firebase-auth:20.0.2] AndroidManifest.xml:29:13-46
239            android:exported="true"
239-->[com.google.firebase:firebase-auth:20.0.2] AndroidManifest.xml:30:13-36
240            android:launchMode="singleTask"
240-->[com.google.firebase:firebase-auth:20.0.2] AndroidManifest.xml:31:13-44
241            android:theme="@android:style/Theme.Translucent.NoTitleBar" >
241-->[com.google.firebase:firebase-auth:20.0.2] AndroidManifest.xml:32:13-72
242            <intent-filter>
242-->[com.google.firebase:firebase-auth:20.0.2] AndroidManifest.xml:33:13-43:29
243                <action android:name="android.intent.action.VIEW" />
243-->[com.google.firebase:firebase-auth:20.0.2] AndroidManifest.xml:34:17-69
243-->[com.google.firebase:firebase-auth:20.0.2] AndroidManifest.xml:34:25-66
244
245                <category android:name="android.intent.category.DEFAULT" />
245-->[com.google.firebase:firebase-auth:20.0.2] AndroidManifest.xml:36:17-76
245-->[com.google.firebase:firebase-auth:20.0.2] AndroidManifest.xml:36:27-73
246                <category android:name="android.intent.category.BROWSABLE" />
246-->[com.google.firebase:firebase-auth:20.0.2] AndroidManifest.xml:37:17-78
246-->[com.google.firebase:firebase-auth:20.0.2] AndroidManifest.xml:37:27-75
247
248                <data
248-->[com.google.firebase:firebase-auth:20.0.2] AndroidManifest.xml:39:17-42:51
249                    android:host="firebase.auth"
249-->[com.google.firebase:firebase-auth:20.0.2] AndroidManifest.xml:40:21-49
250                    android:path="/"
250-->[com.google.firebase:firebase-auth:20.0.2] AndroidManifest.xml:41:21-37
251                    android:scheme="genericidp" />
251-->[com.google.firebase:firebase-auth:20.0.2] AndroidManifest.xml:42:21-48
252            </intent-filter>
253        </activity>
254        <activity
254-->[com.google.firebase:firebase-auth:20.0.2] AndroidManifest.xml:45:9-62:20
255            android:name="com.google.firebase.auth.internal.RecaptchaActivity"
255-->[com.google.firebase:firebase-auth:20.0.2] AndroidManifest.xml:46:13-79
256            android:excludeFromRecents="true"
256-->[com.google.firebase:firebase-auth:20.0.2] AndroidManifest.xml:47:13-46
257            android:exported="true"
257-->[com.google.firebase:firebase-auth:20.0.2] AndroidManifest.xml:48:13-36
258            android:launchMode="singleTask"
258-->[com.google.firebase:firebase-auth:20.0.2] AndroidManifest.xml:49:13-44
259            android:theme="@android:style/Theme.Translucent.NoTitleBar" >
259-->[com.google.firebase:firebase-auth:20.0.2] AndroidManifest.xml:50:13-72
260            <intent-filter>
260-->[com.google.firebase:firebase-auth:20.0.2] AndroidManifest.xml:51:13-61:29
261                <action android:name="android.intent.action.VIEW" />
261-->[com.google.firebase:firebase-auth:20.0.2] AndroidManifest.xml:34:17-69
261-->[com.google.firebase:firebase-auth:20.0.2] AndroidManifest.xml:34:25-66
262
263                <category android:name="android.intent.category.DEFAULT" />
263-->[com.google.firebase:firebase-auth:20.0.2] AndroidManifest.xml:36:17-76
263-->[com.google.firebase:firebase-auth:20.0.2] AndroidManifest.xml:36:27-73
264                <category android:name="android.intent.category.BROWSABLE" />
264-->[com.google.firebase:firebase-auth:20.0.2] AndroidManifest.xml:37:17-78
264-->[com.google.firebase:firebase-auth:20.0.2] AndroidManifest.xml:37:27-75
265
266                <data
266-->[com.google.firebase:firebase-auth:20.0.2] AndroidManifest.xml:39:17-42:51
267                    android:host="firebase.auth"
267-->[com.google.firebase:firebase-auth:20.0.2] AndroidManifest.xml:40:21-49
268                    android:path="/"
268-->[com.google.firebase:firebase-auth:20.0.2] AndroidManifest.xml:41:21-37
269                    android:scheme="recaptcha" />
269-->[com.google.firebase:firebase-auth:20.0.2] AndroidManifest.xml:42:21-48
270            </intent-filter>
271        </activity>
272
273        <service
273-->[com.google.firebase:firebase-auth:20.0.2] AndroidManifest.xml:64:9-73:19
274            android:name="com.google.firebase.auth.api.fallback.service.FirebaseAuthFallbackService"